<?xml version="1.0" encoding="UTF-8"?>
<!-- Generated by org.testng.reporters.JUnitReportReporter -->
<testsuite skipped="0" hostname="ATMECSINLT-283" name="com.phptravels.testscript.TestPhpTravelsSript" tests="1" failures="0" timestamp="2019-11-29T14:27:57 IST" time="15.535" errors="0">
  <testcase name="bookingHotel" time="15.535" classname="com.phptravels.testscript.TestPhpTravelsSript"/>
</testsuite> <!-- com.phptravels.testscript.TestPhpTravelsSript -->
