<?xml version="1.0" encoding="UTF-8"?>
<!-- Generated by org.testng.reporters.JUnitReportReporter -->
<testsuite skipped="0" hostname="ATMECSINLT-283" name="com.phptravels.testscript.TestHotelBooking" tests="1" failures="0" timestamp="2019-12-03T20:21:36 IST" time="24.840" errors="0">
  <testcase name="bookingHotel" time="24.840" classname="com.phptravels.testscript.TestHotelBooking"/>
</testsuite> <!-- com.phptravels.testscript.TestHotelBooking -->
