<?xml version="1.0" encoding="UTF-8"?>
<!-- Generated by org.testng.reporters.JUnitReportReporter -->
<testsuite skipped="0" hostname="ATMECSINLT-283" name="com.phptravels.testscript.PhpTravelsSript" tests="2" failures="0" timestamp="2019-11-28T12:05:23 IST" time="80.285" errors="0">
  <testcase name="dashBoard" time="18.319" classname="com.phptravels.testscript.PhpTravelsSript"/>
  <testcase name="verifyRandomBooking" time="61.966" classname="com.phptravels.testscript.PhpTravelsSript"/>
</testsuite> <!-- com.phptravels.testscript.PhpTravelsSript -->
