<?xml version="1.0" encoding="UTF-8"?>
<!-- Generated by org.testng.reporters.JUnitReportReporter -->
<testsuite skipped="0" hostname="ATMECSINLT-283" name="com.phptravels.testscript.TestHotelBooking" tests="1" failures="0" timestamp="2019-11-29T18:46:29 IST" time="23.221" errors="0">
  <testcase name="bookingHotel" time="23.221" classname="com.phptravels.testscript.TestHotelBooking"/>
</testsuite> <!-- com.phptravels.testscript.TestHotelBooking -->
